[11:58:48.241][INFO]: Successfully injected RecipeFS file system
[11:58:48.319][INFO]: Successfully identified and loaded plugin farmersdelight:crafttweaker_plugin
[11:58:48.382][INFO]: CoT: Successfully identified and loaded ContentTweaker plugin contenttweaker:vanilla
[11:58:48.385][INFO]: CoT: Successfully identified and loaded ContentTweaker plugin contenttweaker:forge
[11:58:48.458][INFO]: Successfully identified and loaded plugin contenttweaker:core
[11:58:48.480][INFO]: Successfully identified and loaded plugin jeitweaker:common
[11:58:48.494][INFO]: Successfully identified and loaded plugin crafttweaker:builtin
[11:58:48.496][INFO]: Successfully identified and loaded plugin crafttweaker:builtin_forge
[11:58:48.522][INFO]: Identified JeiTweaker plugin 'jeitweaker:forge': loading scheduled
[11:58:48.524][INFO]: Identified JeiTweaker plugin 'jeitweaker:common': loading scheduled
[11:58:48.527][INFO]: JEITweaker Environmental Check: the combination of mods [jei] is fully supported
[11:58:48.527][INFO]: Running JeiTweaker plugin initialization
[11:58:48.542][INFO]: JeiTweaker plugin initialization completed successfully
[11:58:49.038][INFO]: The following mods have explicit CraftTweaker support through the default plugin:
[11:58:49.040][INFO]: - 'contenttweaker' at version '2.0.0+4'
[11:58:49.040][INFO]: - 'crafttweaker' at version '10.1.55'
[11:58:49.040][INFO]: - 'custommachinery' at version '0.9.20'
[11:58:49.040][INFO]: - 'farmersdelight' at version '1.19.2-1.2.4'
[11:58:49.040][INFO]: - 'jeitweaker' at version '4.0.13'
[11:58:49.388][INFO]: Started loading scripts for loader 'contenttweaker'
[11:58:49.698][INFO]: Compiling and executing scripts
[11:58:49.879][INFO]: Successfully initialized modules [crafttweaker, contenttweaker, expansions]
[11:58:49.887][INFO]: Loading file 'new_items.zs' with priority 0
[11:58:49.898][INFO]: Loading file 'plates.zs' with priority 0
[11:58:50.035][INFO]: Registering object of type minecraft:item[R]{net.minecraft.world.item.Item} with name contenttweaker:mud_ball
[11:58:50.065][INFO]: Registering object of type minecraft:item[R]{net.minecraft.world.item.Item} with name contenttweaker:dirt_clump
[11:58:50.068][INFO]: Registering object of type minecraft:item[R]{net.minecraft.world.item.Item} with name contenttweaker:vegitation
[11:58:50.069][INFO]: Registering object of type minecraft:item[R]{net.minecraft.world.item.Item} with name contenttweaker:crimson_vegitation
[11:58:50.069][INFO]: Registering object of type minecraft:item[R]{net.minecraft.world.item.Item} with name contenttweaker:warped_vegitation
[11:58:50.069][INFO]: Registering object of type minecraft:item[R]{net.minecraft.world.item.Item} with name contenttweaker:basic_plate
[11:58:50.070][INFO]: Registering object of type minecraft:item[R]{net.minecraft.world.item.Item} with name contenttweaker:magma_and_ice_stew
[11:58:50.070][INFO]: Registering object of type minecraft:item[R]{net.minecraft.world.item.Item} with name contenttweaker:azalea_plate
[11:58:50.071][INFO]: Registering object of type minecraft:item[R]{net.minecraft.world.item.Item} with name contenttweaker:sapling_plate
[11:58:50.075][INFO]: Execution for loader 'contenttweaker' completed successfully
[11:58:54.949][INFO]: Started loading scripts for loader 'initialize'
[11:58:55.377][INFO]: Compiling and executing scripts
[11:58:55.393][INFO]: Successfully initialized modules [crafttweaker, expansions]
[11:58:55.490][INFO]: Execution for loader 'initialize' completed successfully
[12:00:14.736][INFO]: Started loading scripts for loader 'tags'
[12:00:14.864][INFO]: Compiling and executing scripts
[12:00:14.914][INFO]: Successfully initialized modules [crafttweaker, expansions]
[12:00:14.975][INFO]: Execution for loader 'tags' completed successfully
[12:00:16.053][INFO]: Started loading scripts for loader 'crafttweaker'
[12:00:16.164][INFO]: Compiling and executing scripts
[12:00:16.859][INFO]: Successfully initialized modules [mods, crafttweaker, expansions]
[12:00:16.862][INFO]: Loading file 'botania_recipes.zs' with priority 0
[12:00:16.870][INFO]: Loading file 'farmers.zs' with priority 0
[12:00:16.882][INFO]: Loading file 'new_recipes.zs' with priority 0
[12:00:16.883][INFO]: Loading file 'plate_recipes.zs' with priority 0
[12:00:16.884][INFO]: Loading file 'recipe_changes.zs' with priority 0
[12:00:17.047][INFO]: Adding 'botania:pure_daisy' recipe, with name: 'crafttweaker:terracotta_livingrock' that outputs: '<item:minecraft:air>'
[12:00:17.052][INFO]: Adding 'botania:petal_apothecary' recipe, with name: 'crafttweaker:sweet_berries' that outputs: '<item:minecraft:sweet_berries>'
[12:00:17.052][INFO]: Adding 'botania:petal_apothecary' recipe, with name: 'crafttweaker:iron_oreberry' that outputs: '<item:oreberriesreplanted:iron_oreberry_bush>'
[12:00:17.052][INFO]: Adding 'botania:petal_apothecary' recipe, with name: 'crafttweaker:gold_oreberry' that outputs: '<item:oreberriesreplanted:gold_oreberry_bush>'
[12:00:17.053][INFO]: Removing 'botania:petal_apothecary' recipes with output: '<item:botania:gourmaryllis>'
[12:00:17.054][INFO]: Adding 'botania:petal_apothecary' recipe, with name: 'crafttweaker:gourmaryllis' that outputs: '<item:botania:gourmaryllis>'
[12:00:17.054][INFO]: Removing 'botania:petal_apothecary' recipes with output: '<item:botania:hydroangeas>'
[12:00:17.055][INFO]: Adding 'botania:petal_apothecary' recipe, with name: 'crafttweaker:hydroangea' that outputs: '<item:botania:hydroangeas>'
[12:00:17.055][INFO]: Removing 'botania:petal_apothecary' recipes with output: '<item:botania:endoflame>'
[12:00:17.055][INFO]: Adding 'botania:petal_apothecary' recipe, with name: 'crafttweaker:endoflame' that outputs: '<item:botania:endoflame>'
[12:00:17.056][INFO]: Adding 'botania:mana_infusion' recipe, with name: 'crafttweaker:bone_to_pork' that outputs: '<item:farmersdelight:ham>'
[12:00:17.057][INFO]: Adding 'farmersdelight:cooking' recipe, with name: 'crafttweaker:magma' that outputs: '<item:minecraft:magma_block>'
[12:00:17.058][INFO]: Adding 'farmersdelight:cooking' recipe, with name: 'crafttweaker:lava_bucket' that outputs: '<item:minecraft:lava_bucket>'
[12:00:17.061][INFO]: Adding: [contenttweaker:magma_and_ice_stew] to tag: <tag:items:nethersdelight:meal_item>
[12:00:17.062][INFO]: Adding 'farmersdelight:cooking' recipe, with name: 'crafttweaker:magma_and_ice_stew' that outputs: '<item:contenttweaker:magma_and_ice_stew>'
[12:00:17.063][INFO]: Adding 'minecraft:crafting' recipe, of type: "shaped", with name: 'crafttweaker:mud_from_balls' that outputs: '<item:minecraft:mud>'
[12:00:17.063][INFO]: Adding 'minecraft:crafting' recipe, of type: "shaped", with name: 'crafttweaker:dirt_from_clumps' that outputs: '<item:minecraft:dirt>'
[12:00:17.063][INFO]: Adding 'minecraft:crafting' recipe, of type: "shaped", with name: 'crafttweaker:basic_plate' that outputs: '<item:contenttweaker:basic_plate>'
[12:00:17.063][INFO]: Adding 'minecraft:crafting' recipe, of type: "shaped", with name: 'crafttweaker:blue_ice_from_needles' that outputs: '<item:minecraft:blue_ice>'
[12:00:17.064][INFO]: Adding 'minecraft:crafting' recipe, of type: "shapeless", with name: 'crafttweaker:azalea_plate' that outputs: '<item:contenttweaker:azalea_plate>'
[12:00:17.064][INFO]: Adding 'minecraft:crafting' recipe, of type: "shapeless", with name: 'crafttweaker:sapling_plate' that outputs: '<item:contenttweaker:sapling_plate>'
[12:00:17.064][INFO]: Removing 'crafting' recipes with output: '<item:botania:fertilizer>'
[12:00:17.067][INFO]: Adding 'minecraft:crafting' recipe, of type: "shapeless", with name: 'crafttweaker:floral_fertilizer' that outputs: '<item:botania:fertilizer>'
[12:00:17.067][INFO]: Removing 'crafting' recipes with output: '<item:botania:apothecary_deepslate>'
[12:00:17.069][INFO]: Adding 'minecraft:crafting' recipe, of type: "shaped", with name: 'crafttweaker:mud_apothecary' that outputs: '<item:botania:apothecary_deepslate>'
[12:00:17.069][INFO]: Removing 'crafting' recipes with output: '<item:farmersdelight:cooking_pot>'
[12:00:17.069][INFO]: Removing 'crafting' recipes with output: '<item:farmersdelight:stove>'
[12:00:17.070][INFO]: Adding 'minecraft:crafting' recipe, of type: "shaped", with name: 'crafttweaker:cooking_pot' that outputs: '<item:farmersdelight:cooking_pot>'
[12:00:17.070][INFO]: Adding 'minecraft:crafting' recipe, of type: "shaped", with name: 'crafttweaker:stove' that outputs: '<item:farmersdelight:stove>'
[12:00:17.071][INFO]: Execution for loader 'crafttweaker' completed successfully
[12:00:17.103][INFO]: This reload was made possible by Hooley and more! Become a patron at https://patreon.com/jaredlll08?s=crtmod
[12:10:59.738][INFO]: Started loading scripts for loader 'tags'
[12:10:59.740][INFO]: Undoing previous actions
[12:10:59.886][INFO]: Compiling and executing scripts
[12:10:59.925][INFO]: Successfully initialized modules [crafttweaker, expansions]
[12:10:59.968][INFO]: Execution for loader 'tags' completed successfully
[12:11:00.575][INFO]: Started loading scripts for loader 'crafttweaker'
[12:11:00.575][INFO]: Undoing previous actions
[12:11:00.616][INFO]: Compiling and executing scripts
[12:11:00.781][INFO]: Successfully initialized modules [mods, crafttweaker, expansions]
[12:11:00.782][INFO]: Loading file 'botania_recipes.zs' with priority 0
[12:11:00.785][INFO]: Loading file 'farmers.zs' with priority 0
[12:11:00.786][INFO]: Loading file 'new_recipes.zs' with priority 0
[12:11:00.786][INFO]: Loading file 'plate_recipes.zs' with priority 0
[12:11:00.788][INFO]: Loading file 'recipe_changes.zs' with priority 0
[12:11:00.886][INFO]: Adding 'botania:pure_daisy' recipe, with name: 'crafttweaker:terracotta_livingrock' that outputs: '<item:minecraft:air>'
[12:11:00.888][INFO]: Adding 'botania:petal_apothecary' recipe, with name: 'crafttweaker:sweet_berries' that outputs: '<item:minecraft:sweet_berries>'
[12:11:00.889][INFO]: Adding 'botania:petal_apothecary' recipe, with name: 'crafttweaker:iron_oreberry' that outputs: '<item:oreberriesreplanted:iron_oreberry_bush>'
[12:11:00.889][INFO]: Adding 'botania:petal_apothecary' recipe, with name: 'crafttweaker:gold_oreberry' that outputs: '<item:oreberriesreplanted:gold_oreberry_bush>'
[12:11:00.890][INFO]: Removing 'botania:petal_apothecary' recipes with output: '<item:botania:gourmaryllis>'
[12:11:00.891][INFO]: Adding 'botania:petal_apothecary' recipe, with name: 'crafttweaker:gourmaryllis' that outputs: '<item:botania:gourmaryllis>'
[12:11:00.891][INFO]: Removing 'botania:petal_apothecary' recipes with output: '<item:botania:hydroangeas>'
[12:11:00.891][INFO]: Adding 'botania:petal_apothecary' recipe, with name: 'crafttweaker:hydroangea' that outputs: '<item:botania:hydroangeas>'
[12:11:00.891][INFO]: Removing 'botania:petal_apothecary' recipes with output: '<item:botania:endoflame>'
[12:11:00.892][INFO]: Adding 'botania:petal_apothecary' recipe, with name: 'crafttweaker:endoflame' that outputs: '<item:botania:endoflame>'
[12:11:00.892][INFO]: Adding 'botania:mana_infusion' recipe, with name: 'crafttweaker:bone_to_pork' that outputs: '<item:farmersdelight:ham>'
[12:11:00.893][INFO]: Adding 'farmersdelight:cooking' recipe, with name: 'crafttweaker:magma' that outputs: '<item:minecraft:magma_block>'
[12:11:00.894][INFO]: Adding 'farmersdelight:cooking' recipe, with name: 'crafttweaker:lava_bucket' that outputs: '<item:minecraft:lava_bucket>'
[12:11:00.895][INFO]: Adding: [contenttweaker:magma_and_ice_stew] to tag: <tag:items:nethersdelight:meal_item>
[12:11:00.895][INFO]: Adding 'farmersdelight:cooking' recipe, with name: 'crafttweaker:magma_and_ice_stew' that outputs: '<item:contenttweaker:magma_and_ice_stew>'
[12:11:00.895][INFO]: Adding 'minecraft:crafting' recipe, of type: "shaped", with name: 'crafttweaker:mud_from_balls' that outputs: '<item:minecraft:mud>'
[12:11:00.895][INFO]: Adding 'minecraft:crafting' recipe, of type: "shaped", with name: 'crafttweaker:dirt_from_clumps' that outputs: '<item:minecraft:dirt>'
[12:11:00.895][INFO]: Adding 'minecraft:crafting' recipe, of type: "shaped", with name: 'crafttweaker:basic_plate' that outputs: '<item:contenttweaker:basic_plate>'
[12:11:00.895][INFO]: Adding 'minecraft:crafting' recipe, of type: "shaped", with name: 'crafttweaker:blue_ice_from_needles' that outputs: '<item:minecraft:blue_ice>'
[12:11:00.896][INFO]: Adding 'minecraft:crafting' recipe, of type: "shapeless", with name: 'crafttweaker:azalea_plate' that outputs: '<item:contenttweaker:azalea_plate>'
[12:11:00.896][INFO]: Adding 'minecraft:crafting' recipe, of type: "shapeless", with name: 'crafttweaker:sapling_plate' that outputs: '<item:contenttweaker:sapling_plate>'
[12:11:00.896][INFO]: Removing 'crafting' recipes with output: '<item:botania:fertilizer>'
[12:11:00.898][INFO]: Adding 'minecraft:crafting' recipe, of type: "shapeless", with name: 'crafttweaker:floral_fertilizer' that outputs: '<item:botania:fertilizer>'
[12:11:00.898][INFO]: Removing 'crafting' recipes with output: '<item:botania:apothecary_deepslate>'
[12:11:00.899][INFO]: Adding 'minecraft:crafting' recipe, of type: "shaped", with name: 'crafttweaker:mud_apothecary' that outputs: '<item:botania:apothecary_deepslate>'
[12:11:00.899][INFO]: Removing 'crafting' recipes with output: '<item:farmersdelight:cooking_pot>'
[12:11:00.899][INFO]: Removing 'crafting' recipes with output: '<item:farmersdelight:stove>'
[12:11:00.900][INFO]: Adding 'minecraft:crafting' recipe, of type: "shaped", with name: 'crafttweaker:cooking_pot' that outputs: '<item:farmersdelight:cooking_pot>'
[12:11:00.900][INFO]: Adding 'minecraft:crafting' recipe, of type: "shaped", with name: 'crafttweaker:stove' that outputs: '<item:farmersdelight:stove>'
[12:11:00.900][INFO]: Execution for loader 'crafttweaker' completed successfully
[12:11:00.902][INFO]: This reload was made possible by Phillip Swearingain and more! Become a patron at https://patreon.com/jaredlll08?s=crtmod
[12:16:45.579][INFO]: Item: <item:minecraft:crimson_fungus>
[12:16:45.596][INFO]: Block: <block:minecraft:crimson_fungus>
[12:16:45.597][INFO]: BlockState: <blockstate:minecraft:crimson_fungus>
[12:16:45.601][INFO]: Item Tag Entries
[12:16:45.604][INFO]:     -  <tag:items:diet:vegetables>
[12:16:45.604][INFO]: Block Tag Entries
[12:16:45.604][INFO]:     -  <tag:blocks:minecraft:mineable/axe>
[12:16:45.604][INFO]:     -  <tag:blocks:nethersdelight:soul_compost_activators>
[12:16:45.604][INFO]:     -  <tag:blocks:minecraft:enderman_holdable>
[12:17:05.499][INFO]: Item: <item:minecraft:crimson_roots>
[12:17:05.501][INFO]: Block: <block:minecraft:crimson_roots>
[12:17:05.502][INFO]: BlockState: <blockstate:minecraft:crimson_roots>
[12:17:05.502][INFO]: Item Tag Entries
[12:17:05.503][INFO]:     -  <tag:items:diet:vegetables>
[12:17:05.503][INFO]: Block Tag Entries
[12:17:05.503][INFO]:     -  <tag:blocks:minecraft:enderman_holdable>
[12:17:14.564][INFO]: Item: <item:nethersdelight:crimson_fungus_colony>
[12:17:14.564][INFO]: Block: <block:nethersdelight:crimson_fungus_colony>
[12:17:14.566][INFO]: BlockState: <blockstate:nethersdelight:crimson_fungus_colony:age=0>
[12:17:14.566][INFO]: Block Tag Entries
[12:17:14.566][INFO]:     -  <tag:blocks:nethersdelight:soul_compost_activators>
[12:17:14.566][INFO]:     -  <tag:blocks:farmersdelight:unaffected_by_rich_soil>
[12:17:33.405][INFO]: Item: <item:minecraft:nether_wart>
[12:17:33.419][INFO]: Block: <block:minecraft:nether_wart>
[12:17:33.425][INFO]: BlockState: <blockstate:minecraft:nether_wart:age=0>
[12:17:33.429][INFO]: Item Tag Entries
[12:17:33.432][INFO]:     -  <tag:items:forge:crops/nether_wart>
[12:17:33.434][INFO]:     -  <tag:items:diet:vegetables>
[12:17:33.435][INFO]:     -  <tag:items:forge:crops>
[12:17:33.437][INFO]: Block Tag Entries
[12:17:33.437][INFO]:     -  <tag:blocks:minecraft:mineable/axe>
[12:17:33.437][INFO]:     -  <tag:blocks:nethersdelight:soul_compost_activators>
[12:17:48.188][INFO]: Item: <item:nethersdelight:propelplant_cane>
[12:17:48.191][INFO]: Block: <block:nethersdelight:propelplant_cane>
[12:17:48.192][INFO]: BlockState: <blockstate:nethersdelight:propelplant_cane>
[12:17:48.194][INFO]: Block Tag Entries
[12:17:48.196][INFO]:     -  <tag:blocks:farmersdelight:mineable/knife>
[12:18:34.164][INFO]: Item: <item:botania:red_mushroom>
[12:18:34.175][INFO]: Block: <block:botania:red_mushroom>
[12:18:34.176][INFO]: BlockState: <blockstate:botania:red_mushroom>
[12:18:34.177][INFO]: Item Tag Entries
[12:18:34.179][INFO]:     -  <tag:items:botania:petals>
[12:18:34.179][INFO]:     -  <tag:items:forge:mushrooms>
[12:18:34.179][INFO]:     -  <tag:items:farmersdelight:cabbage_roll_ingredients>
[12:18:34.179][INFO]:     -  <tag:items:diet:vegetables>
[12:18:34.179][INFO]:     -  <tag:items:botania:petals/red>
[12:18:34.179][INFO]: Block Tag Entries
[12:18:34.180][INFO]:     -  <tag:blocks:forge:mushrooms>
[12:18:56.154][INFO]: Item: <item:minecraft:red_mushroom>
[12:18:56.156][INFO]: Block: <block:minecraft:red_mushroom>
[12:18:56.156][INFO]: BlockState: <blockstate:minecraft:red_mushroom>
[12:18:56.157][INFO]: Item Tag Entries
[12:18:56.157][INFO]:     -  <tag:items:diet:vegetables>
[12:18:56.157][INFO]:     -  <tag:items:forge:mushrooms>
[12:18:56.157][INFO]:     -  <tag:items:farmersdelight:cabbage_roll_ingredients>
[12:18:56.157][INFO]: Block Tag Entries
[12:18:56.157][INFO]:     -  <tag:blocks:minecraft:enderman_holdable>
[12:18:56.157][INFO]:     -  <tag:blocks:enchanted:mutandis_plants>
[12:18:56.157][INFO]:     -  <tag:blocks:farmersdelight:compost_activators>
[12:18:56.157][INFO]:     -  <tag:blocks:minecraft:mineable/axe>
[12:18:56.157][INFO]:     -  <tag:blocks:enchanted:mutandis_extremis_plants>
[12:19:15.570][INFO]: Item: <item:farmersdelight:red_mushroom_colony>
[12:19:15.573][INFO]: Block: <block:farmersdelight:red_mushroom_colony>
[12:19:15.575][INFO]: BlockState: <blockstate:farmersdelight:red_mushroom_colony:age=0>
[12:19:15.575][INFO]: Item Tag Entries
[12:19:15.575][INFO]:     -  <tag:items:createaddition:plants>
[12:19:15.576][INFO]: Block Tag Entries
[12:19:15.576][INFO]:     -  <tag:blocks:farmersdelight:compost_activators>
[12:19:15.576][INFO]:     -  <tag:blocks:farmersdelight:unaffected_by_rich_soil>
[12:21:23.920][INFO]: Item: <item:nethersdelight:mimicarnation>
[12:21:23.924][INFO]: Block: <block:nethersdelight:mimicarnation>
[12:21:23.925][INFO]: BlockState: <blockstate:nethersdelight:mimicarnation>
[12:21:23.925][INFO]: Item Tag Entries
[12:21:23.926][INFO]:     -  <tag:items:minecraft:small_flowers>
[12:21:23.926][INFO]:     -  <tag:items:diet:vegetables>
[12:21:23.926][INFO]:     -  <tag:items:minecraft:flowers>
[12:21:23.926][INFO]: Block Tag Entries
[12:21:23.926][INFO]:     -  <tag:blocks:enchanted:mutandis_plants>
[12:21:23.926][INFO]:     -  <tag:blocks:minecraft:flowers>
[12:21:23.926][INFO]:     -  <tag:blocks:enchanted:mutandis_extremis_plants>
[12:21:23.926][INFO]:     -  <tag:blocks:enchanted:rite_forest_replaceable>
[12:21:23.926][INFO]:     -  <tag:blocks:enchanted:blight_decayable_plants>
[12:21:23.926][INFO]:     -  <tag:blocks:minecraft:small_flowers>
[12:21:23.926][INFO]:     -  <tag:blocks:minecraft:enderman_holdable>
[12:23:02.967][INFO]: Started loading scripts for loader 'tags'
[12:23:02.968][INFO]: Undoing previous actions
[12:23:03.050][INFO]: Compiling and executing scripts
[12:23:03.099][INFO]: Successfully initialized modules [crafttweaker, expansions]
[12:23:03.147][INFO]: Execution for loader 'tags' completed successfully
[12:23:03.613][INFO]: Started loading scripts for loader 'crafttweaker'
[12:23:03.613][INFO]: Undoing previous actions
[12:23:03.654][INFO]: Compiling and executing scripts
[12:23:03.838][INFO]: Successfully initialized modules [mods, crafttweaker, expansions]
[12:23:03.840][INFO]: Loading file 'botania_recipes.zs' with priority 0
[12:23:03.842][INFO]: Loading file 'farmers.zs' with priority 0
[12:23:03.845][INFO]: Loading file 'new_recipes.zs' with priority 0
[12:23:03.846][INFO]: Loading file 'plate_recipes.zs' with priority 0
[12:23:03.846][INFO]: Loading file 'recipe_changes.zs' with priority 0
[12:23:03.941][INFO]: Adding 'botania:pure_daisy' recipe, with name: 'crafttweaker:terracotta_livingrock' that outputs: '<item:minecraft:air>'
[12:23:03.945][INFO]: Adding 'botania:petal_apothecary' recipe, with name: 'crafttweaker:sweet_berries' that outputs: '<item:minecraft:sweet_berries>'
[12:23:03.946][INFO]: Adding 'botania:petal_apothecary' recipe, with name: 'crafttweaker:iron_oreberry' that outputs: '<item:oreberriesreplanted:iron_oreberry_bush>'
[12:23:03.946][INFO]: Adding 'botania:petal_apothecary' recipe, with name: 'crafttweaker:gold_oreberry' that outputs: '<item:oreberriesreplanted:gold_oreberry_bush>'
[12:23:03.946][INFO]: Removing 'botania:petal_apothecary' recipes with output: '<item:botania:gourmaryllis>'
[12:23:03.947][INFO]: Adding 'botania:petal_apothecary' recipe, with name: 'crafttweaker:gourmaryllis' that outputs: '<item:botania:gourmaryllis>'
[12:23:03.948][INFO]: Removing 'botania:petal_apothecary' recipes with output: '<item:botania:hydroangeas>'
[12:23:03.948][INFO]: Adding 'botania:petal_apothecary' recipe, with name: 'crafttweaker:hydroangea' that outputs: '<item:botania:hydroangeas>'
[12:23:03.948][INFO]: Removing 'botania:petal_apothecary' recipes with output: '<item:botania:endoflame>'
[12:23:03.948][INFO]: Adding 'botania:petal_apothecary' recipe, with name: 'crafttweaker:endoflame' that outputs: '<item:botania:endoflame>'
[12:23:03.949][INFO]: Adding 'botania:mana_infusion' recipe, with name: 'crafttweaker:bone_to_pork' that outputs: '<item:farmersdelight:ham>'
[12:23:03.950][INFO]: Adding 'farmersdelight:cooking' recipe, with name: 'crafttweaker:magma' that outputs: '<item:minecraft:magma_block>'
[12:23:03.951][INFO]: Adding 'farmersdelight:cooking' recipe, with name: 'crafttweaker:lava_bucket' that outputs: '<item:minecraft:lava_bucket>'
[12:23:03.952][INFO]: Adding: [contenttweaker:magma_and_ice_stew] to tag: <tag:items:nethersdelight:meal_item>
[12:23:03.952][INFO]: Adding 'farmersdelight:cooking' recipe, with name: 'crafttweaker:magma_and_ice_stew' that outputs: '<item:contenttweaker:magma_and_ice_stew>'
[12:23:03.953][INFO]: Adding 'minecraft:crafting' recipe, of type: "shaped", with name: 'crafttweaker:mud_from_balls' that outputs: '<item:minecraft:mud>'
[12:23:03.953][INFO]: Adding 'minecraft:crafting' recipe, of type: "shaped", with name: 'crafttweaker:dirt_from_clumps' that outputs: '<item:minecraft:dirt>'
[12:23:03.953][INFO]: Adding 'minecraft:crafting' recipe, of type: "shaped", with name: 'crafttweaker:basic_plate' that outputs: '<item:contenttweaker:basic_plate>'
[12:23:03.953][INFO]: Adding 'minecraft:crafting' recipe, of type: "shaped", with name: 'crafttweaker:blue_ice_from_needles' that outputs: '<item:minecraft:blue_ice>'
[12:23:03.954][INFO]: Adding 'minecraft:crafting' recipe, of type: "shapeless", with name: 'crafttweaker:azalea_plate' that outputs: '<item:contenttweaker:azalea_plate>'
[12:23:03.955][INFO]: Adding 'minecraft:crafting' recipe, of type: "shapeless", with name: 'crafttweaker:sapling_plate' that outputs: '<item:contenttweaker:sapling_plate>'
[12:23:03.955][INFO]: Removing 'crafting' recipes with output: '<item:botania:fertilizer>'
[12:23:03.956][INFO]: Adding 'minecraft:crafting' recipe, of type: "shapeless", with name: 'crafttweaker:floral_fertilizer' that outputs: '<item:botania:fertilizer>'
[12:23:03.957][INFO]: Removing 'crafting' recipes with output: '<item:botania:apothecary_deepslate>'
[12:23:03.957][INFO]: Adding 'minecraft:crafting' recipe, of type: "shaped", with name: 'crafttweaker:mud_apothecary' that outputs: '<item:botania:apothecary_deepslate>'
[12:23:03.957][INFO]: Removing 'crafting' recipes with output: '<item:farmersdelight:cooking_pot>'
[12:23:03.957][INFO]: Removing 'crafting' recipes with output: '<item:farmersdelight:stove>'
[12:23:03.958][INFO]: Adding 'minecraft:crafting' recipe, of type: "shaped", with name: 'crafttweaker:cooking_pot' that outputs: '<item:farmersdelight:cooking_pot>'
[12:23:03.958][INFO]: Adding 'minecraft:crafting' recipe, of type: "shaped", with name: 'crafttweaker:stove' that outputs: '<item:farmersdelight:stove>'
[12:23:03.960][INFO]: Execution for loader 'crafttweaker' completed successfully
[12:23:03.969][INFO]: This reload was made possible by Peregrinus11 and more! Become a patron at https://patreon.com/jaredlll08?s=crtmod
