[00:05:19] [Render thread/INFO]: Loaded 328 advancements
[00:06:47] [Server thread/INFO]: Saving and pausing game...
[00:06:47] [Server thread/INFO]: Saving chunks for level 'ServerLevel[New World]'/minecraft:overworld
[00:06:47] [Server thread/INFO]: Saving chunks for level 'ServerLevel[New World]'/minecraft:the_nether
[00:06:47] [Server thread/INFO]: Saving chunks for level 'ServerLevel[New World]'/minecraft:the_end
[00:06:50] [Server thread/INFO]: Saving and pausing game...
[00:06:50] [Server thread/INFO]: Saving chunks for level 'ServerLevel[New World]'/minecraft:overworld
[00:06:50] [Server thread/INFO]: Saving chunks for level 'ServerLevel[New World]'/minecraft:the_nether
[00:06:50] [Server thread/INFO]: Saving chunks for level 'ServerLevel[New World]'/minecraft:the_end
[00:06:54] [FTBLibrary-ItemSearch/INFO]: Done updating item list in 3179μs!
[00:06:55] [FTBLibrary-ItemSearch/INFO]: Done updating item list in 15359μs!
[00:06:55] [FTBLibrary-ItemSearch/INFO]: Done updating item list in 9795μs!
[00:06:55] [FTBLibrary-ItemSearch/INFO]: Done updating item list in 9728μs!
[00:06:55] [FTBLibrary-ItemSearch/INFO]: Done updating item list in 9684μs!
[00:09:02] [Render thread/INFO]: Stopping!
[00:09:02] [Render thread/INFO]: JEI StartEventObserver received class net.minecraftforge.client.event.ClientPlayerNetworkEvent$LoggingOut
[00:09:02] [Render thread/INFO]: JEI StartEventObserver transitioning state from JEI_STARTED to DISABLED
[00:09:02] [Render thread/INFO]: Stopping JEI
[00:09:02] [Render thread/INFO]: Sending Runtime Unavailable: jei:minecraft ...
[00:09:02] [Server thread/INFO]: TheDragonOfFlame lost connection: Disconnected
[00:09:02] [Server thread/INFO]: TheDragonOfFlame left the game
[00:09:02] [Render thread/INFO]: Sending Runtime Unavailable: jei:minecraft took 480.6 μs
[00:09:02] [Render thread/INFO]: Sending Runtime Unavailable: farmersdelight:jei_plugin ...
[00:09:02] [Render thread/INFO]: Sending Runtime Unavailable: farmersdelight:jei_plugin took 171.3 μs
[00:09:02] [Render thread/INFO]: Sending Runtime Unavailable: jade:main ...
[00:09:02] [Render thread/INFO]: Sending Runtime Unavailable: jade:main took 3.792 μs
[00:09:02] [Render thread/INFO]: Sending Runtime Unavailable: jei:gui ...
[00:09:02] [Render thread/INFO]: Sending Runtime Unavailable: jei:gui took 1.958 μs
[00:09:02] [Render thread/INFO]: Sending Runtime Unavailable: jei:debug ...
[00:09:02] [Render thread/INFO]: Sending Runtime Unavailable: jei:debug took 1.375 μs
[00:09:02] [Render thread/INFO]: Sending Runtime Unavailable: jei:forge_gui ...
[00:09:02] [Render thread/INFO]: Stopping JEI GUI
[00:09:02] [JEI GUI Config file watcher/INFO]: FileWatcher was interrupted, stopping.
[00:09:02] [Render thread/INFO]: Sending Runtime Unavailable: jei:forge_gui took 12.28 ms
[00:09:02] [Render thread/INFO]: Sending Runtime Unavailable: nethersdelight:jei_plugin ...
[00:09:02] [Render thread/INFO]: Sending Runtime Unavailable: nethersdelight:jei_plugin took 2.458 μs
[00:09:02] [Render thread/INFO]: Sending Runtime Unavailable: botania:main ...
[00:09:02] [Render thread/INFO]: Sending Runtime Unavailable: botania:main took 1.542 μs
[00:09:02] [Render thread/INFO]: Sending Runtime Unavailable: curios:curios ...
[00:09:02] [Render thread/INFO]: Sending Runtime Unavailable: curios:curios took 1.750 μs
[00:09:02] [Render thread/INFO]: Sending Runtime Unavailable: patchouli:patchouli ...
[00:09:02] [Render thread/INFO]: Sending Runtime Unavailable: patchouli:patchouli took 1.375 μs
[00:09:02] [Render thread/INFO]: Sending Runtime Unavailable: bucketlib:jei_plugin ...
[00:09:02] [Render thread/INFO]: Sending Runtime Unavailable: bucketlib:jei_plugin took 1.208 μs
[00:09:02] [Render thread/INFO]: Sending Runtime Unavailable: ftblibrary:jei ...
[00:09:02] [Render thread/INFO]: Sending Runtime Unavailable: ftblibrary:jei took 1.834 μs
[00:09:02] [Render thread/INFO]: Sending Runtime Unavailable: custommachinery:jei_plugin ...
[00:09:02] [Render thread/INFO]: Sending Runtime Unavailable: custommachinery:jei_plugin took 1.167 μs
[00:09:02] [Render thread/INFO]: Sending Runtime Unavailable: jeitweaker:script ...
[00:09:02] [Render thread/INFO]: Sending Runtime Unavailable: jeitweaker:script took 197.3 μs
[00:09:02] [Render thread/INFO]: Sending Runtime Unavailable: jeitweaker:command ...
[00:09:02] [Render thread/INFO]: Sending Runtime Unavailable: jeitweaker:command took 1.333 μs
[00:09:02] [Render thread/INFO]: Sending Runtime Unavailable: oreberriesreplanted:main ...
[00:09:02] [Render thread/INFO]: Sending Runtime Unavailable: oreberriesreplanted:main took 1.167 μs
[00:09:02] [Render thread/INFO]: Sending Runtime Unavailable: lychee:main ...
[00:09:02] [Render thread/INFO]: Sending Runtime Unavailable: lychee:main took 1.125 μs
[00:09:02] [Render thread/INFO]: Sending Runtime Unavailable: enchanted:jei_plugin ...
[00:09:02] [Render thread/INFO]: Sending Runtime Unavailable: enchanted:jei_plugin took 1.125 μs
[00:09:02] [Render thread/INFO]: Sending Runtime Unavailable: jei:internal ...
[00:09:02] [Render thread/INFO]: Sending Runtime Unavailable: jei:internal took 1.291 μs
[00:09:02] [JEI Library Config file watcher/INFO]: FileWatcher was interrupted, stopping.
[00:09:02] [Server thread/INFO]: Stopping singleplayer server as player logged out
[00:09:02] [Server thread/INFO]: Stopping server
[00:09:02] [Server thread/INFO]: Saving players
[00:09:02] [Server thread/INFO]: Saving worlds
[00:09:03] [Server thread/INFO]: Saving chunks for level 'ServerLevel[New World]'/minecraft:overworld
[00:09:03] [Server thread/INFO]: Saving chunks for level 'ServerLevel[New World]'/minecraft:the_nether
[00:09:03] [Server thread/INFO]: Saving chunks for level 'ServerLevel[New World]'/minecraft:the_end
[00:09:03] [Server thread/INFO]: ThreadedAnvilChunkStorage (New World): All chunks are saved
[00:09:03] [Server thread/INFO]: ThreadedAnvilChunkStorage (DIM-1): All chunks are saved
[00:09:03] [Server thread/INFO]: ThreadedAnvilChunkStorage (DIM1): All chunks are saved
[00:09:03] [Server thread/INFO]: ThreadedAnvilChunkStorage: All dimensions are saved
